#
# There is insufficient memory for the Java Runtime Environment to continue.
# Native memory allocation (malloc) failed to allocate 2002368 bytes. Error detail: Chunk::new
# Possible reasons:
#   The system is out of physical RAM or swap space
#   This process is running with CompressedOops enabled, and the Java Heap may be blocking the growth of the native heap
# Possible solutions:
#   Reduce memory load on the system
#   Increase physical memory or swap space
#   Check if swap backing store is full
#   Decrease Java heap size (-Xmx/-Xms)
#   Decrease number of Java threads
#   Decrease Java thread stack sizes (-Xss)
#   Set larger code cache with -XX:ReservedCodeCacheSize=
#   JVM is running with Unscaled Compressed Oops mode in which the Java heap is
#     placed in the first 4GB address space. The Java Heap base address is the
#     maximum limit for the native heap growth. Please use -XX:HeapBaseMinAddress
#     to set the Java Heap base and to place the Java Heap above 4GB virtual address.
# This output file may be truncated or incomplete.
#
#  Out of Memory Error (arena.cpp:191), pid=9588, tid=6044
#
# JRE version: OpenJDK Runtime Environment Temurin-17.0.11+9 (17.0.11+9) (build 17.0.11+9)
# Java VM: OpenJDK 64-Bit Server VM Temurin-17.0.11+9 (17.0.11+9, mixed mode, tiered, compressed oops, compressed class ptrs, parallel gc, windows-amd64)
# No core dump will be written. Minidumps are not enabled by default on client versions of Windows
#

---------------  S U M M A R Y ------------

Command Line: --add-modules=ALL-SYSTEM --add-opens=java.base/java.util=ALL-UNNAMED --add-opens=java.base/java.lang=ALL-UNNAMED --add-opens=java.base/sun.nio.fs=ALL-UNNAMED -Declipse.application=org.eclipse.jdt.ls.core.id1 -Dosgi.bundles.defaultStartLevel=4 -Declipse.product=org.eclipse.jdt.ls.core.product -Djava.import.generatesMetadataFilesAtProjectRoot=false -DDetectVMInstallationsJob.disabled=true -Dfile.encoding=utf8 -XX:+UseParallelGC -XX:GCTimeRatio=4 -XX:AdaptiveSizePolicyWeight=90 -Dsun.zip.disableMemoryMapping=true -Xmx1G -Xms100m -Xlog:disable -javaagent:c:\Users\Admin\.vscode\extensions\redhat.java-1.33.0-win32-x64\lombok\lombok-1.18.33.jar -XX:+HeapDumpOnOutOfMemoryError -XX:HeapDumpPath=c:\Users\Admin\AppData\Roaming\Code\User\workspaceStorage\f2719fb7150c7bed1f5cc95cfc80bd70\redhat.java -Daether.dependencyCollector.impl=bf c:\Users\Admin\.vscode\extensions\redhat.java-1.33.0-win32-x64\server\plugins\org.eclipse.equinox.launcher_1.6.900.v20240613-2009.jar -configuration c:\Users\Admin\AppData\Roaming\Code\User\globalStorage\redhat.java\1.33.0\config_win -data c:\Users\Admin\AppData\Roaming\Code\User\workspaceStorage\f2719fb7150c7bed1f5cc95cfc80bd70\redhat.java\jdt_ws --pipe=\\.\pipe\lsp-54a196cfe2b486f492cb75a7765f3205-sock

Host: Intel(R) Core(TM) i5-10300H CPU @ 2.50GHz, 8 cores, 7G,  Windows 10 , 64 bit Build 19041 (10.0.19041.1503)
Time: Sun Aug 18 21:31:37 2024 SE Asia Standard Time elapsed time: 4.880980 seconds (0d 0h 0m 4s)

---------------  T H R E A D  ---------------

Current thread (0x000002b0fccd1030):  JavaThread "C2 CompilerThread1" daemon [_thread_in_native, id=6044, stack(0x000000c176500000,0x000000c176600000)]


Current CompileTask:
C2:   4881 4479   !   4       org.eclipse.osgi.internal.loader.classpath.ClasspathManager::findLocalClass (210 bytes)

Stack: [0x000000c176500000,0x000000c176600000]
Native frames: (J=compiled Java code, j=interpreted, Vv=VM code, C=native code)
V  [jvm.dll+0x67d429]
V  [jvm.dll+0x834b7a]
V  [jvm.dll+0x83663e]
V  [jvm.dll+0x836ca3]
V  [jvm.dll+0x247dbf]
V  [jvm.dll+0xac534]
V  [jvm.dll+0xacb7c]
V  [jvm.dll+0x366647]
V  [jvm.dll+0x330bba]
V  [jvm.dll+0x33005a]
V  [jvm.dll+0x21a471]
V  [jvm.dll+0x2198b1]
V  [jvm.dll+0x1a534d]
V  [jvm.dll+0x2295cd]
V  [jvm.dll+0x22779c]
V  [jvm.dll+0x7e9d07]
V  [jvm.dll+0x7e410a]
V  [jvm.dll+0x67c315]
C  [ucrtbase.dll+0x21bb2]
C  [KERNEL32.DLL+0x17034]
C  [ntdll.dll+0x52651]


---------------  P R O C E S S  ---------------

Threads class SMR info:
_java_thread_list=0x000002b08f285080, length=37, elements={
0x000002b0f28db300, 0x000002b0f299d270, 0x000002b0f299e920, 0x000002b0f777a060,
0x000002b0f777ac20, 0x000002b0f777e4a0, 0x000002b0fc9e1170, 0x000002b0fc9e5ed0,
0x000002b0fca3d410, 0x000002b0fca5a5b0, 0x000002b0fcae67a0, 0x000002b0fccd1030,
0x000002b0fcd3d050, 0x000002b0fe029b00, 0x000002b0fe089c20, 0x000002b0fe2bd770,
0x000002b0fe61bb40, 0x000002b0fe6378b0, 0x000002b0fe73b820, 0x000002b0fe3360f0,
0x000002b0fe3351c0, 0x000002b0fe332e50, 0x000002b0fe3356d0, 0x000002b0fe334cb0,
0x000002b0fe333d80, 0x000002b0fe334290, 0x000002b0fe333360, 0x000002b0fe333870,
0x000002b0fe335be0, 0x000002b0fee444f0, 0x000002b0fee40d40, 0x000002b0fee3d590,
0x000002b0fee3d080, 0x000002b0fee44a00, 0x000002b0fee41c70, 0x000002b0fee3daa0,
0x000002b0fee41250
}

Java Threads: ( => current thread )
  0x000002b0f28db300 JavaThread "main" [_thread_blocked, id=10276, stack(0x000000c175800000,0x000000c175900000)]
  0x000002b0f299d270 JavaThread "Reference Handler" daemon [_thread_blocked, id=6220, stack(0x000000c175b00000,0x000000c175c00000)]
  0x000002b0f299e920 JavaThread "Finalizer" daemon [_thread_blocked, id=15836, stack(0x000000c175c00000,0x000000c175d00000)]
  0x000002b0f777a060 JavaThread "Signal Dispatcher" daemon [_thread_blocked, id=10876, stack(0x000000c175d00000,0x000000c175e00000)]
  0x000002b0f777ac20 JavaThread "Attach Listener" daemon [_thread_blocked, id=12044, stack(0x000000c175e00000,0x000000c175f00000)]
  0x000002b0f777e4a0 JavaThread "Service Thread" daemon [_thread_blocked, id=8776, stack(0x000000c175f00000,0x000000c176000000)]
  0x000002b0fc9e1170 JavaThread "Monitor Deflation Thread" daemon [_thread_blocked, id=12448, stack(0x000000c176000000,0x000000c176100000)]
  0x000002b0fc9e5ed0 JavaThread "C2 CompilerThread0" daemon [_thread_in_native, id=11928, stack(0x000000c176100000,0x000000c176200000)]
  0x000002b0fca3d410 JavaThread "C1 CompilerThread0" daemon [_thread_blocked, id=11852, stack(0x000000c176200000,0x000000c176300000)]
  0x000002b0fca5a5b0 JavaThread "Sweeper thread" daemon [_thread_blocked, id=8224, stack(0x000000c176300000,0x000000c176400000)]
  0x000002b0fcae67a0 JavaThread "Common-Cleaner" daemon [_thread_blocked, id=9040, stack(0x000000c176400000,0x000000c176500000)]
=>0x000002b0fccd1030 JavaThread "C2 CompilerThread1" daemon [_thread_in_native, id=6044, stack(0x000000c176500000,0x000000c176600000)]
  0x000002b0fcd3d050 JavaThread "Notification Thread" daemon [_thread_blocked, id=11992, stack(0x000000c176600000,0x000000c176700000)]
  0x000002b0fe029b00 JavaThread "Active Thread: Equinox Container: 45d07f79-7d9a-4bef-b51b-f0b23f0b3324" [_thread_blocked, id=1488, stack(0x000000c176e00000,0x000000c176f00000)]
  0x000002b0fe089c20 JavaThread "Framework Event Dispatcher: Equinox Container: 45d07f79-7d9a-4bef-b51b-f0b23f0b3324" daemon [_thread_blocked, id=10196, stack(0x000000c176f00000,0x000000c177000000)]
  0x000002b0fe2bd770 JavaThread "Start Level: Equinox Container: 45d07f79-7d9a-4bef-b51b-f0b23f0b3324" daemon [_thread_blocked, id=11796, stack(0x000000c177000000,0x000000c177100000)]
  0x000002b0fe61bb40 JavaThread "Bundle File Closer" daemon [_thread_blocked, id=7124, stack(0x000000c177200000,0x000000c177300000)]
  0x000002b0fe6378b0 JavaThread "SCR Component Actor" daemon [_thread_blocked, id=9464, stack(0x000000c177300000,0x000000c177400000)]
  0x000002b0fe73b820 JavaThread "SCR Component Registry" daemon [_thread_blocked, id=8296, stack(0x000000c177400000,0x000000c177500000)]
  0x000002b0fe3360f0 JavaThread "Worker-JM" [_thread_blocked, id=15716, stack(0x000000c177500000,0x000000c177600000)]
  0x000002b0fe3351c0 JavaThread "JNA Cleaner" daemon [_thread_blocked, id=8628, stack(0x000000c177600000,0x000000c177700000)]
  0x000002b0fe332e50 JavaThread "Worker-0: Repository registry initialization" [_thread_blocked, id=13100, stack(0x000000c177700000,0x000000c177800000)]
  0x000002b0fe3356d0 JavaThread "Worker-1" [_thread_blocked, id=3244, stack(0x000000c177800000,0x000000c177900000)]
  0x000002b0fe334cb0 JavaThread "Worker-2" [_thread_blocked, id=6388, stack(0x000000c177900000,0x000000c177a00000)]
  0x000002b0fe333d80 JavaThread "Java indexing" daemon [_thread_blocked, id=13264, stack(0x000000c177a00000,0x000000c177b00000)]
  0x000002b0fe334290 JavaThread "Thread-2" daemon [_thread_in_native, id=1616, stack(0x000000c177d00000,0x000000c177e00000)]
  0x000002b0fe333360 JavaThread "Thread-3" daemon [_thread_in_native, id=9644, stack(0x000000c177e00000,0x000000c177f00000)]
  0x000002b0fe333870 JavaThread "Thread-4" daemon [_thread_in_native, id=14096, stack(0x000000c177f00000,0x000000c178000000)]
  0x000002b0fe335be0 JavaThread "Thread-5" daemon [_thread_in_native, id=8644, stack(0x000000c178000000,0x000000c178100000)]
  0x000002b0fee444f0 JavaThread "Thread-6" daemon [_thread_in_native, id=8908, stack(0x000000c178100000,0x000000c178200000)]
  0x000002b0fee40d40 JavaThread "Thread-7" daemon [_thread_in_native, id=15756, stack(0x000000c178200000,0x000000c178300000)]
  0x000002b0fee3d590 JavaThread "Thread-8" daemon [_thread_in_native, id=2588, stack(0x000000c178300000,0x000000c178400000)]
  0x000002b0fee3d080 JavaThread "Thread-9" daemon [_thread_in_native, id=8436, stack(0x000000c178400000,0x000000c178500000)]
  0x000002b0fee44a00 JavaThread "Thread-10" daemon [_thread_in_native, id=11372, stack(0x000000c178500000,0x000000c178600000)]
  0x000002b0fee41c70 JavaThread "pool-2-thread-1" [_thread_blocked, id=12552, stack(0x000000c178600000,0x000000c178700000)]
  0x000002b0fee3daa0 JavaThread "WorkspaceEventsHandler" [_thread_blocked, id=9492, stack(0x000000c178700000,0x000000c178800000)]
  0x000002b0fee41250 JavaThread "pool-1-thread-1" [_thread_in_native, id=12456, stack(0x000000c178800000,0x000000c178900000)]

Other Threads:
  0x000002b0fc9b11c0 VMThread "VM Thread" [stack: 0x000000c175a00000,0x000000c175b00000] [id=13672]
  0x000002b0fcd3d530 WatcherThread [stack: 0x000000c176700000,0x000000c176800000] [id=8976]
  0x000002b0f28ef8a0 GCTaskThread "GC Thread#0" [stack: 0x000000c175900000,0x000000c175a00000] [id=12220]
  0x000002b0fdeafbb0 GCTaskThread "GC Thread#1" [stack: 0x000000c176800000,0x000000c176900000] [id=11552]
  0x000002b0fdd65b70 GCTaskThread "GC Thread#2" [stack: 0x000000c176900000,0x000000c176a00000] [id=11040]
  0x000002b0fdd65e30 GCTaskThread "GC Thread#3" [stack: 0x000000c176a00000,0x000000c176b00000] [id=6628]
  0x000002b0fdd61920 GCTaskThread "GC Thread#4" [stack: 0x000000c176b00000,0x000000c176c00000] [id=13012]
  0x000002b0fdd61be0 GCTaskThread "GC Thread#5" [stack: 0x000000c176c00000,0x000000c176d00000] [id=15544]
  0x000002b0fdd61ea0 GCTaskThread "GC Thread#6" [stack: 0x000000c176d00000,0x000000c176e00000] [id=11792]
  0x000002b0fe08ab20 GCTaskThread "GC Thread#7" [stack: 0x000000c177100000,0x000000c177200000] [id=2856]

Threads with active compile tasks:
C2 CompilerThread0     4895 4407       4       org.eclipse.osgi.internal.loader.BundleLoader::addExportedProvidersFor (167 bytes)
C2 CompilerThread1     4895 4479   !   4       org.eclipse.osgi.internal.loader.classpath.ClasspathManager::findLocalClass (210 bytes)

VM state: not at safepoint (normal execution)

VM Mutex/Monitor currently owned by a thread: None

Heap address: 0x00000000c0000000, size: 1024 MB, Compressed Oops mode: 32-bit

CDS archive(s) not mapped
Compressed class space mapped at: 0x0000000100000000-0x0000000140000000, reserved size: 1073741824
Narrow klass base: 0x0000000000000000, Narrow klass shift: 3, Narrow klass range: 0x140000000

GC Precious Log:
 CPUs: 8 total, 8 available
 Memory: 7979M
 Large Page Support: Disabled
 NUMA Support: Disabled
 Compressed Oops: Enabled (32-bit)
 Alignments: Space 512K, Generation 512K, Heap 2M
 Heap Min Capacity: 100M
 Heap Initial Capacity: 100M
 Heap Max Capacity: 1G
 Pre-touch: Disabled
 Parallel Workers: 8

Heap:
 PSYoungGen      total 23040K, used 18774K [0x00000000eab00000, 0x00000000ec480000, 0x0000000100000000)
  eden space 22016K, 80% used [0x00000000eab00000,0x00000000ebc5e240,0x00000000ec080000)
  from space 1024K, 96% used [0x00000000ec180000,0x00000000ec277868,0x00000000ec280000)
  to   space 1536K, 0% used [0x00000000ec300000,0x00000000ec300000,0x00000000ec480000)
 ParOldGen       total 68608K, used 17126K [0x00000000c0000000, 0x00000000c4300000, 0x00000000eab00000)
  object space 68608K, 24% used [0x00000000c0000000,0x00000000c10b9a28,0x00000000c4300000)
 Metaspace       used 43077K, committed 43968K, reserved 1114112K
  class space    used 4413K, committed 4800K, reserved 1048576K

Card table byte_map: [0x000002b0f2280000,0x000002b0f2490000] _byte_map_base: 0x000002b0f1c80000

Marking Bits: (ParMarkBitMap*) 0x00007ff8b7efd820
 Begin Bits: [0x000002b0f5580000, 0x000002b0f6580000)
 End Bits:   [0x000002b0f6580000, 0x000002b0f7580000)

Polling page: 0x000002b0f0810000

Metaspace:

Usage:
  Non-class:     37.76 MB used.
      Class:      4.31 MB used.
       Both:     42.07 MB used.

Virtual space:
  Non-class space:       64.00 MB reserved,      38.25 MB ( 60%) committed,  1 nodes.
      Class space:        1.00 GB reserved,       4.69 MB ( <1%) committed,  1 nodes.
             Both:        1.06 GB reserved,      42.94 MB (  4%) committed. 

Chunk freelists:
   Non-Class:  8.84 MB
       Class:  11.28 MB
        Both:  20.12 MB

MaxMetaspaceSize: unlimited
CompressedClassSpaceSize: 1.00 GB
Initial GC threshold: 21.00 MB
Current GC threshold: 58.38 MB
CDS: off
MetaspaceReclaimPolicy: balanced
 - commit_granule_bytes: 65536.
 - commit_granule_words: 8192.
 - virtual_space_node_default_size: 8388608.
 - enlarge_chunks_in_place: 1.
 - new_chunks_are_fully_committed: 0.
 - uncommit_free_chunks: 1.
 - use_allocation_guard: 0.
 - handle_deallocations: 1.


Internal statistics:

num_allocs_failed_limit: 6.
num_arena_births: 664.
num_arena_deaths: 14.
num_vsnodes_births: 2.
num_vsnodes_deaths: 0.
num_space_committed: 687.
num_space_uncommitted: 0.
num_chunks_returned_to_freelist: 20.
num_chunks_taken_from_freelist: 2152.
num_chunk_merges: 11.
num_chunk_splits: 1358.
num_chunks_enlarged: 835.
num_inconsistent_stats: 0.

CodeHeap 'non-profiled nmethods': size=120000Kb used=2175Kb max_used=2175Kb free=117824Kb
 bounds [0x000002b087ad0000, 0x000002b087d40000, 0x000002b08f000000]
CodeHeap 'profiled nmethods': size=120000Kb used=10317Kb max_used=10317Kb free=109682Kb
 bounds [0x000002b080000000, 0x000002b080a20000, 0x000002b087530000]
CodeHeap 'non-nmethods': size=5760Kb used=1298Kb max_used=1327Kb free=4461Kb
 bounds [0x000002b087530000, 0x000002b0877a0000, 0x000002b087ad0000]
 total_blobs=5425 nmethods=4798 adapters=540
 compilation: enabled
              stopped_count=0, restarted_count=0
 full_count=0

Compilation events (20 events):
Event: 4.806 Thread 0x000002b0fca3d410 nmethod 4811 0x000002b080a0df90 code [0x000002b080a0e140, 0x000002b080a0e458]
Event: 4.806 Thread 0x000002b0fca3d410 4810       2       org.codehaus.plexus.util.xml.pull.MXParser::next (10 bytes)
Event: 4.806 Thread 0x000002b0fca3d410 nmethod 4810 0x000002b080a0e510 code [0x000002b080a0e6a0, 0x000002b080a0e7c8]
Event: 4.808 Thread 0x000002b0fca3d410 4814       2       java.lang.invoke.MethodHandles$Lookup::resolveOrFail (48 bytes)
Event: 4.808 Thread 0x000002b0fca3d410 nmethod 4814 0x000002b080a0e890 code [0x000002b080a0ea80, 0x000002b080a0eea8]
Event: 4.808 Thread 0x000002b0fca3d410 4816       2       jdk.internal.org.objectweb.asm.ClassWriter::<init> (68 bytes)
Event: 4.809 Thread 0x000002b0fca3d410 nmethod 4816 0x000002b080a0f110 code [0x000002b080a0f2c0, 0x000002b080a0f5a8]
Event: 4.809 Thread 0x000002b0fca3d410 4815       2       java.lang.invoke.MethodHandles$Lookup::checkMethodName (45 bytes)
Event: 4.809 Thread 0x000002b0fca3d410 nmethod 4815 0x000002b080a0f710 code [0x000002b080a0f900, 0x000002b080a0fc48]
Event: 4.809 Thread 0x000002b0fca3d410 4817       2       java.lang.invoke.MemberName::isPublic (8 bytes)
Event: 4.809 Thread 0x000002b0fca3d410 nmethod 4817 0x000002b080a0fe90 code [0x000002b080a10020, 0x000002b080a10138]
Event: 4.821 Thread 0x000002b0fca3d410 4820       2       java.lang.invoke.LambdaForm$Name::withConstraint (20 bytes)
Event: 4.821 Thread 0x000002b0fca3d410 nmethod 4820 0x000002b080a10210 code [0x000002b080a103c0, 0x000002b080a10588]
Event: 4.824 Thread 0x000002b0fca3d410 4822       2       jdk.internal.org.objectweb.asm.Frame::putAbstractType (379 bytes)
Event: 4.825 Thread 0x000002b0fca3d410 nmethod 4822 0x000002b080a10690 code [0x000002b080a109c0, 0x000002b080a11338]
Event: 4.825 Thread 0x000002b0fca3d410 4824       3       jdk.internal.org.objectweb.asm.ByteVector::putShort (52 bytes)
Event: 4.825 Thread 0x000002b0fca3d410 nmethod 4824 0x000002b080a11b10 code [0x000002b080a11cc0, 0x000002b080a11ec8]
Event: 4.825 Thread 0x000002b0fca3d410 4823       2       jdk.internal.org.objectweb.asm.SymbolTable::getType (7 bytes)
Event: 4.825 Thread 0x000002b0fca3d410 nmethod 4823 0x000002b080a12010 code [0x000002b080a121a0, 0x000002b080a122d8]
Event: 4.878 Thread 0x000002b0fca3d410 4825   !   2       java.lang.invoke.MethodHandles$Lookup::canBeCached (150 bytes)

GC Heap History (20 events):
Event: 2.863 GC heap before
{Heap before GC invocations=6 (full 1):
 PSYoungGen      total 29696K, used 4087K [0x00000000eab00000, 0x00000000ecf00000, 0x0000000100000000)
  eden space 25600K, 0% used [0x00000000eab00000,0x00000000eab00000,0x00000000ec400000)
  from space 4096K, 99% used [0x00000000ec400000,0x00000000ec7fdd38,0x00000000ec800000)
  to   space 5632K, 0% used [0x00000000ec980000,0x00000000ec980000,0x00000000ecf00000)
 ParOldGen       total 68608K, used 7278K [0x00000000c0000000, 0x00000000c4300000, 0x00000000eab00000)
  object space 68608K, 10% used [0x00000000c0000000,0x00000000c071baf0,0x00000000c4300000)
 Metaspace       used 21143K, committed 21504K, reserved 1114112K
  class space    used 2122K, committed 2304K, reserved 1048576K
}
Event: 2.886 GC heap after
{Heap after GC invocations=6 (full 1):
 PSYoungGen      total 29696K, used 0K [0x00000000eab00000, 0x00000000ecf00000, 0x0000000100000000)
  eden space 25600K, 0% used [0x00000000eab00000,0x00000000eab00000,0x00000000ec400000)
  from space 4096K, 0% used [0x00000000ec400000,0x00000000ec400000,0x00000000ec800000)
  to   space 5632K, 0% used [0x00000000ec980000,0x00000000ec980000,0x00000000ecf00000)
 ParOldGen       total 68608K, used 11000K [0x00000000c0000000, 0x00000000c4300000, 0x00000000eab00000)
  object space 68608K, 16% used [0x00000000c0000000,0x00000000c0abe008,0x00000000c4300000)
 Metaspace       used 21143K, committed 21504K, reserved 1114112K
  class space    used 2122K, committed 2304K, reserved 1048576K
}
Event: 3.384 GC heap before
{Heap before GC invocations=7 (full 1):
 PSYoungGen      total 29696K, used 25600K [0x00000000eab00000, 0x00000000ecf00000, 0x0000000100000000)
  eden space 25600K, 100% used [0x00000000eab00000,0x00000000ec400000,0x00000000ec400000)
  from space 4096K, 0% used [0x00000000ec400000,0x00000000ec400000,0x00000000ec800000)
  to   space 5632K, 0% used [0x00000000ec980000,0x00000000ec980000,0x00000000ecf00000)
 ParOldGen       total 68608K, used 11000K [0x00000000c0000000, 0x00000000c4300000, 0x00000000eab00000)
  object space 68608K, 16% used [0x00000000c0000000,0x00000000c0abe008,0x00000000c4300000)
 Metaspace       used 24887K, committed 25408K, reserved 1114112K
  class space    used 2529K, committed 2752K, reserved 1048576K
}
Event: 3.386 GC heap after
{Heap after GC invocations=7 (full 1):
 PSYoungGen      total 26624K, used 1507K [0x00000000eab00000, 0x00000000ecb00000, 0x0000000100000000)
  eden space 25088K, 0% used [0x00000000eab00000,0x00000000eab00000,0x00000000ec380000)
  from space 1536K, 98% used [0x00000000ec980000,0x00000000ecaf8ec8,0x00000000ecb00000)
  to   space 3072K, 0% used [0x00000000ec500000,0x00000000ec500000,0x00000000ec800000)
 ParOldGen       total 68608K, used 11008K [0x00000000c0000000, 0x00000000c4300000, 0x00000000eab00000)
  object space 68608K, 16% used [0x00000000c0000000,0x00000000c0ac0008,0x00000000c4300000)
 Metaspace       used 24887K, committed 25408K, reserved 1114112K
  class space    used 2529K, committed 2752K, reserved 1048576K
}
Event: 3.777 GC heap before
{Heap before GC invocations=8 (full 1):
 PSYoungGen      total 26624K, used 26595K [0x00000000eab00000, 0x00000000ecb00000, 0x0000000100000000)
  eden space 25088K, 100% used [0x00000000eab00000,0x00000000ec380000,0x00000000ec380000)
  from space 1536K, 98% used [0x00000000ec980000,0x00000000ecaf8ec8,0x00000000ecb00000)
  to   space 3072K, 0% used [0x00000000ec500000,0x00000000ec500000,0x00000000ec800000)
 ParOldGen       total 68608K, used 11008K [0x00000000c0000000, 0x00000000c4300000, 0x00000000eab00000)
  object space 68608K, 16% used [0x00000000c0000000,0x00000000c0ac0008,0x00000000c4300000)
 Metaspace       used 27730K, committed 28416K, reserved 1114112K
  class space    used 2864K, committed 3136K, reserved 1048576K
}
Event: 3.780 GC heap after
{Heap after GC invocations=8 (full 1):
 PSYoungGen      total 27648K, used 2965K [0x00000000eab00000, 0x00000000eca00000, 0x0000000100000000)
  eden space 24576K, 0% used [0x00000000eab00000,0x00000000eab00000,0x00000000ec300000)
  from space 3072K, 96% used [0x00000000ec500000,0x00000000ec7e5560,0x00000000ec800000)
  to   space 2048K, 0% used [0x00000000ec800000,0x00000000ec800000,0x00000000eca00000)
 ParOldGen       total 68608K, used 11016K [0x00000000c0000000, 0x00000000c4300000, 0x00000000eab00000)
  object space 68608K, 16% used [0x00000000c0000000,0x00000000c0ac2008,0x00000000c4300000)
 Metaspace       used 27730K, committed 28416K, reserved 1114112K
  class space    used 2864K, committed 3136K, reserved 1048576K
}
Event: 3.916 GC heap before
{Heap before GC invocations=9 (full 1):
 PSYoungGen      total 27648K, used 27541K [0x00000000eab00000, 0x00000000eca00000, 0x0000000100000000)
  eden space 24576K, 100% used [0x00000000eab00000,0x00000000ec300000,0x00000000ec300000)
  from space 3072K, 96% used [0x00000000ec500000,0x00000000ec7e5560,0x00000000ec800000)
  to   space 2048K, 0% used [0x00000000ec800000,0x00000000ec800000,0x00000000eca00000)
 ParOldGen       total 68608K, used 11016K [0x00000000c0000000, 0x00000000c4300000, 0x00000000eab00000)
  object space 68608K, 16% used [0x00000000c0000000,0x00000000c0ac2008,0x00000000c4300000)
 Metaspace       used 29503K, committed 30272K, reserved 1114112K
  class space    used 3016K, committed 3328K, reserved 1048576K
}
Event: 3.920 GC heap after
{Heap after GC invocations=9 (full 1):
 PSYoungGen      total 25088K, used 2020K [0x00000000eab00000, 0x00000000ecf80000, 0x0000000100000000)
  eden space 23040K, 0% used [0x00000000eab00000,0x00000000eab00000,0x00000000ec180000)
  from space 2048K, 98% used [0x00000000ec800000,0x00000000ec9f9328,0x00000000eca00000)
  to   space 6656K, 0% used [0x00000000ec180000,0x00000000ec180000,0x00000000ec800000)
 ParOldGen       total 68608K, used 14776K [0x00000000c0000000, 0x00000000c4300000, 0x00000000eab00000)
  object space 68608K, 21% used [0x00000000c0000000,0x00000000c0e6e370,0x00000000c4300000)
 Metaspace       used 29503K, committed 30272K, reserved 1114112K
  class space    used 3016K, committed 3328K, reserved 1048576K
}
Event: 4.043 GC heap before
{Heap before GC invocations=10 (full 1):
 PSYoungGen      total 25088K, used 25060K [0x00000000eab00000, 0x00000000ecf80000, 0x0000000100000000)
  eden space 23040K, 100% used [0x00000000eab00000,0x00000000ec180000,0x00000000ec180000)
  from space 2048K, 98% used [0x00000000ec800000,0x00000000ec9f9328,0x00000000eca00000)
  to   space 6656K, 0% used [0x00000000ec180000,0x00000000ec180000,0x00000000ec800000)
 ParOldGen       total 68608K, used 14776K [0x00000000c0000000, 0x00000000c4300000, 0x00000000eab00000)
  object space 68608K, 21% used [0x00000000c0000000,0x00000000c0e6e370,0x00000000c4300000)
 Metaspace       used 33133K, committed 33920K, reserved 1114112K
  class space    used 3280K, committed 3648K, reserved 1048576K
}
Event: 4.045 GC heap after
{Heap after GC invocations=10 (full 1):
 PSYoungGen      total 25088K, used 2425K [0x00000000eab00000, 0x00000000ec900000, 0x0000000100000000)
  eden space 22528K, 0% used [0x00000000eab00000,0x00000000eab00000,0x00000000ec100000)
  from space 2560K, 94% used [0x00000000ec180000,0x00000000ec3de698,0x00000000ec400000)
  to   space 4096K, 0% used [0x00000000ec500000,0x00000000ec500000,0x00000000ec900000)
 ParOldGen       total 68608K, used 15227K [0x00000000c0000000, 0x00000000c4300000, 0x00000000eab00000)
  object space 68608K, 22% used [0x00000000c0000000,0x00000000c0edefe8,0x00000000c4300000)
 Metaspace       used 33133K, committed 33920K, reserved 1114112K
  class space    used 3280K, committed 3648K, reserved 1048576K
}
Event: 4.163 GC heap before
{Heap before GC invocations=11 (full 1):
 PSYoungGen      total 25088K, used 24953K [0x00000000eab00000, 0x00000000ec900000, 0x0000000100000000)
  eden space 22528K, 100% used [0x00000000eab00000,0x00000000ec100000,0x00000000ec100000)
  from space 2560K, 94% used [0x00000000ec180000,0x00000000ec3de698,0x00000000ec400000)
  to   space 4096K, 0% used [0x00000000ec500000,0x00000000ec500000,0x00000000ec900000)
 ParOldGen       total 68608K, used 15227K [0x00000000c0000000, 0x00000000c4300000, 0x00000000eab00000)
  object space 68608K, 22% used [0x00000000c0000000,0x00000000c0edefe8,0x00000000c4300000)
 Metaspace       used 34556K, committed 35328K, reserved 1114112K
  class space    used 3373K, committed 3712K, reserved 1048576K
}
Event: 4.166 GC heap after
{Heap after GC invocations=11 (full 1):
 PSYoungGen      total 25088K, used 2697K [0x00000000eab00000, 0x00000000ec800000, 0x0000000100000000)
  eden space 22016K, 0% used [0x00000000eab00000,0x00000000eab00000,0x00000000ec080000)
  from space 3072K, 87% used [0x00000000ec500000,0x00000000ec7a26b8,0x00000000ec800000)
  to   space 3072K, 0% used [0x00000000ec200000,0x00000000ec200000,0x00000000ec500000)
 ParOldGen       total 68608K, used 16831K [0x00000000c0000000, 0x00000000c4300000, 0x00000000eab00000)
  object space 68608K, 24% used [0x00000000c0000000,0x00000000c106fee0,0x00000000c4300000)
 Metaspace       used 34556K, committed 35328K, reserved 1114112K
  class space    used 3373K, committed 3712K, reserved 1048576K
}
Event: 4.210 GC heap before
{Heap before GC invocations=12 (full 1):
 PSYoungGen      total 25088K, used 6719K [0x00000000eab00000, 0x00000000ec800000, 0x0000000100000000)
  eden space 22016K, 18% used [0x00000000eab00000,0x00000000eaeed610,0x00000000ec080000)
  from space 3072K, 87% used [0x00000000ec500000,0x00000000ec7a26b8,0x00000000ec800000)
  to   space 3072K, 0% used [0x00000000ec200000,0x00000000ec200000,0x00000000ec500000)
 ParOldGen       total 68608K, used 16831K [0x00000000c0000000, 0x00000000c4300000, 0x00000000eab00000)
  object space 68608K, 24% used [0x00000000c0000000,0x00000000c106fee0,0x00000000c4300000)
 Metaspace       used 35095K, committed 35840K, reserved 1114112K
  class space    used 3434K, committed 3776K, reserved 1048576K
}
Event: 4.213 GC heap after
{Heap after GC invocations=12 (full 1):
 PSYoungGen      total 23040K, used 610K [0x00000000eab00000, 0x00000000ec580000, 0x0000000100000000)
  eden space 22016K, 0% used [0x00000000eab00000,0x00000000eab00000,0x00000000ec080000)
  from space 1024K, 59% used [0x00000000ec200000,0x00000000ec298b90,0x00000000ec300000)
  to   space 1536K, 0% used [0x00000000ec400000,0x00000000ec400000,0x00000000ec580000)
 ParOldGen       total 68608K, used 19459K [0x00000000c0000000, 0x00000000c4300000, 0x00000000eab00000)
  object space 68608K, 28% used [0x00000000c0000000,0x00000000c1300df0,0x00000000c4300000)
 Metaspace       used 35095K, committed 35840K, reserved 1114112K
  class space    used 3434K, committed 3776K, reserved 1048576K
}
Event: 4.213 GC heap before
{Heap before GC invocations=13 (full 2):
 PSYoungGen      total 23040K, used 610K [0x00000000eab00000, 0x00000000ec580000, 0x0000000100000000)
  eden space 22016K, 0% used [0x00000000eab00000,0x00000000eab00000,0x00000000ec080000)
  from space 1024K, 59% used [0x00000000ec200000,0x00000000ec298b90,0x00000000ec300000)
  to   space 1536K, 0% used [0x00000000ec400000,0x00000000ec400000,0x00000000ec580000)
 ParOldGen       total 68608K, used 19459K [0x00000000c0000000, 0x00000000c4300000, 0x00000000eab00000)
  object space 68608K, 28% used [0x00000000c0000000,0x00000000c1300df0,0x00000000c4300000)
 Metaspace       used 35095K, committed 35840K, reserved 1114112K
  class space    used 3434K, committed 3776K, reserved 1048576K
}
Event: 4.236 GC heap after
{Heap after GC invocations=13 (full 2):
 PSYoungGen      total 23040K, used 0K [0x00000000eab00000, 0x00000000ec580000, 0x0000000100000000)
  eden space 22016K, 0% used [0x00000000eab00000,0x00000000eab00000,0x00000000ec080000)
  from space 1024K, 0% used [0x00000000ec200000,0x00000000ec200000,0x00000000ec300000)
  to   space 1536K, 0% used [0x00000000ec400000,0x00000000ec400000,0x00000000ec580000)
 ParOldGen       total 68608K, used 15502K [0x00000000c0000000, 0x00000000c4300000, 0x00000000eab00000)
  object space 68608K, 22% used [0x00000000c0000000,0x00000000c0f238f0,0x00000000c4300000)
 Metaspace       used 35082K, committed 35840K, reserved 1114112K
  class space    used 3431K, committed 3776K, reserved 1048576K
}
Event: 4.524 GC heap before
{Heap before GC invocations=14 (full 2):
 PSYoungGen      total 23040K, used 22016K [0x00000000eab00000, 0x00000000ec580000, 0x0000000100000000)
  eden space 22016K, 100% used [0x00000000eab00000,0x00000000ec080000,0x00000000ec080000)
  from space 1024K, 0% used [0x00000000ec200000,0x00000000ec200000,0x00000000ec300000)
  to   space 1536K, 0% used [0x00000000ec400000,0x00000000ec400000,0x00000000ec580000)
 ParOldGen       total 68608K, used 15502K [0x00000000c0000000, 0x00000000c4300000, 0x00000000eab00000)
  object space 68608K, 22% used [0x00000000c0000000,0x00000000c0f238f0,0x00000000c4300000)
 Metaspace       used 38443K, committed 39296K, reserved 1114112K
  class space    used 3820K, committed 4224K, reserved 1048576K
}
Event: 4.526 GC heap after
{Heap after GC invocations=14 (full 2):
 PSYoungGen      total 23552K, used 1504K [0x00000000eab00000, 0x00000000ec580000, 0x0000000100000000)
  eden space 22016K, 0% used [0x00000000eab00000,0x00000000eab00000,0x00000000ec080000)
  from space 1536K, 97% used [0x00000000ec400000,0x00000000ec578398,0x00000000ec580000)
  to   space 2048K, 0% used [0x00000000ec180000,0x00000000ec180000,0x00000000ec380000)
 ParOldGen       total 68608K, used 15646K [0x00000000c0000000, 0x00000000c4300000, 0x00000000eab00000)
  object space 68608K, 22% used [0x00000000c0000000,0x00000000c0f478f0,0x00000000c4300000)
 Metaspace       used 38443K, committed 39296K, reserved 1114112K
  class space    used 3820K, committed 4224K, reserved 1048576K
}
Event: 4.744 GC heap before
{Heap before GC invocations=15 (full 2):
 PSYoungGen      total 23552K, used 23509K [0x00000000eab00000, 0x00000000ec580000, 0x0000000100000000)
  eden space 22016K, 99% used [0x00000000eab00000,0x00000000ec07d158,0x00000000ec080000)
  from space 1536K, 97% used [0x00000000ec400000,0x00000000ec578398,0x00000000ec580000)
  to   space 2048K, 0% used [0x00000000ec180000,0x00000000ec180000,0x00000000ec380000)
 ParOldGen       total 68608K, used 15646K [0x00000000c0000000, 0x00000000c4300000, 0x00000000eab00000)
  object space 68608K, 22% used [0x00000000c0000000,0x00000000c0f478f0,0x00000000c4300000)
 Metaspace       used 40921K, committed 41792K, reserved 1114112K
  class space    used 4118K, committed 4480K, reserved 1048576K
}
Event: 4.746 GC heap after
{Heap after GC invocations=15 (full 2):
 PSYoungGen      total 23040K, used 990K [0x00000000eab00000, 0x00000000ec480000, 0x0000000100000000)
  eden space 22016K, 0% used [0x00000000eab00000,0x00000000eab00000,0x00000000ec080000)
  from space 1024K, 96% used [0x00000000ec180000,0x00000000ec277868,0x00000000ec280000)
  to   space 1536K, 0% used [0x00000000ec300000,0x00000000ec300000,0x00000000ec480000)
 ParOldGen       total 68608K, used 17126K [0x00000000c0000000, 0x00000000c4300000, 0x00000000eab00000)
  object space 68608K, 24% used [0x00000000c0000000,0x00000000c10b9a28,0x00000000c4300000)
 Metaspace       used 40921K, committed 41792K, reserved 1114112K
  class space    used 4118K, committed 4480K, reserved 1048576K
}

Dll operation events (10 events):
Event: 0.006 Loaded shared library c:\Users\Admin\.vscode\extensions\redhat.java-1.33.0-win32-x64\jre\17.0.11-win32-x86_64\bin\java.dll
Event: 0.200 Loaded shared library c:\Users\Admin\.vscode\extensions\redhat.java-1.33.0-win32-x64\jre\17.0.11-win32-x86_64\bin\zip.dll
Event: 0.203 Loaded shared library C:\Users\Admin\.vscode\extensions\redhat.java-1.33.0-win32-x64\jre\17.0.11-win32-x86_64\bin\instrument.dll
Event: 0.217 Loaded shared library C:\Users\Admin\.vscode\extensions\redhat.java-1.33.0-win32-x64\jre\17.0.11-win32-x86_64\bin\net.dll
Event: 0.219 Loaded shared library C:\Users\Admin\.vscode\extensions\redhat.java-1.33.0-win32-x64\jre\17.0.11-win32-x86_64\bin\nio.dll
Event: 0.228 Loaded shared library C:\Users\Admin\.vscode\extensions\redhat.java-1.33.0-win32-x64\jre\17.0.11-win32-x86_64\bin\zip.dll
Event: 0.246 Loaded shared library C:\Users\Admin\.vscode\extensions\redhat.java-1.33.0-win32-x64\jre\17.0.11-win32-x86_64\bin\jimage.dll
Event: 0.304 Loaded shared library c:\Users\Admin\.vscode\extensions\redhat.java-1.33.0-win32-x64\jre\17.0.11-win32-x86_64\bin\verify.dll
Event: 1.493 Loaded shared library C:\Users\Admin\AppData\Roaming\Code\User\globalStorage\redhat.java\1.33.0\config_win\org.eclipse.equinox.launcher\org.eclipse.equinox.launcher.win32.win32.x86_64_1.2.1100.v20240722-2106\eclipse_11904.dll
Event: 3.190 Loaded shared library C:\Users\Admin\AppData\Local\Temp\jna-63116079\jna2089478239977118677.dll

Deoptimization events (20 events):
Event: 4.795 Thread 0x000002b0fee41250 Uncommon trap: trap_request=0xffffffde fr.pc=0x000002b087c87e50 relative=0x00000000000000b0
Event: 4.795 Thread 0x000002b0fee41250 Uncommon trap: reason=class_check action=maybe_recompile pc=0x000002b087c87e50 method=java.lang.Character.codePointAt(Ljava/lang/CharSequence;I)I @ 2 c2
Event: 4.795 Thread 0x000002b0fee41250 DEOPT PACKING pc=0x000002b087c87e50 sp=0x000000c1788fd5c0
Event: 4.795 Thread 0x000002b0fee41250 DEOPT UNPACKING pc=0x000002b0875866a3 sp=0x000000c1788fd548 mode 2
Event: 4.795 Thread 0x000002b0fee41250 Uncommon trap: trap_request=0xffffffde fr.pc=0x000002b087c87e50 relative=0x00000000000000b0
Event: 4.795 Thread 0x000002b0fee41250 Uncommon trap: reason=class_check action=maybe_recompile pc=0x000002b087c87e50 method=java.lang.Character.codePointAt(Ljava/lang/CharSequence;I)I @ 2 c2
Event: 4.795 Thread 0x000002b0fee41250 DEOPT PACKING pc=0x000002b087c87e50 sp=0x000000c1788fd5c0
Event: 4.795 Thread 0x000002b0fee41250 DEOPT UNPACKING pc=0x000002b0875866a3 sp=0x000000c1788fd548 mode 2
Event: 4.795 Thread 0x000002b0fee41250 Uncommon trap: trap_request=0xffffffde fr.pc=0x000002b087c87e50 relative=0x00000000000000b0
Event: 4.795 Thread 0x000002b0fee41250 Uncommon trap: reason=class_check action=maybe_recompile pc=0x000002b087c87e50 method=java.lang.Character.codePointAt(Ljava/lang/CharSequence;I)I @ 2 c2
Event: 4.795 Thread 0x000002b0fee41250 DEOPT PACKING pc=0x000002b087c87e50 sp=0x000000c1788fd5c0
Event: 4.795 Thread 0x000002b0fee41250 DEOPT UNPACKING pc=0x000002b0875866a3 sp=0x000000c1788fd548 mode 2
Event: 4.795 Thread 0x000002b0fee41250 Uncommon trap: trap_request=0xffffffde fr.pc=0x000002b087c87e50 relative=0x00000000000000b0
Event: 4.795 Thread 0x000002b0fee41250 Uncommon trap: reason=class_check action=maybe_recompile pc=0x000002b087c87e50 method=java.lang.Character.codePointAt(Ljava/lang/CharSequence;I)I @ 2 c2
Event: 4.795 Thread 0x000002b0fee41250 DEOPT PACKING pc=0x000002b087c87e50 sp=0x000000c1788fd5c0
Event: 4.795 Thread 0x000002b0fee41250 DEOPT UNPACKING pc=0x000002b0875866a3 sp=0x000000c1788fd548 mode 2
Event: 4.824 Thread 0x000002b0fe332e50 Uncommon trap: trap_request=0xffffff45 fr.pc=0x000002b087bc2e6c relative=0x00000000000000ec
Event: 4.824 Thread 0x000002b0fe332e50 Uncommon trap: reason=unstable_if action=reinterpret pc=0x000002b087bc2e6c method=jdk.internal.org.objectweb.asm.ByteVector.putShort(I)Ljdk/internal/org/objectweb/asm/ByteVector; @ 13 c2
Event: 4.824 Thread 0x000002b0fe332e50 DEOPT PACKING pc=0x000002b087bc2e6c sp=0x000000c1777fd4f0
Event: 4.824 Thread 0x000002b0fe332e50 DEOPT UNPACKING pc=0x000002b0875866a3 sp=0x000000c1777fd488 mode 2

Classes unloaded (7 events):
Event: 4.218 Thread 0x000002b0fc9b11c0 Unloading class 0x000000010024a400 'java/lang/invoke/LambdaForm$MH+0x000000010024a400'
Event: 4.218 Thread 0x000002b0fc9b11c0 Unloading class 0x000000010024a000 'java/lang/invoke/LambdaForm$MH+0x000000010024a000'
Event: 4.218 Thread 0x000002b0fc9b11c0 Unloading class 0x0000000100249c00 'java/lang/invoke/LambdaForm$MH+0x0000000100249c00'
Event: 4.218 Thread 0x000002b0fc9b11c0 Unloading class 0x0000000100249800 'java/lang/invoke/LambdaForm$MH+0x0000000100249800'
Event: 4.218 Thread 0x000002b0fc9b11c0 Unloading class 0x0000000100249400 'java/lang/invoke/LambdaForm$BMH+0x0000000100249400'
Event: 4.218 Thread 0x000002b0fc9b11c0 Unloading class 0x0000000100249000 'java/lang/invoke/LambdaForm$DMH+0x0000000100249000'
Event: 4.218 Thread 0x000002b0fc9b11c0 Unloading class 0x0000000100244400 'java/lang/invoke/LambdaForm$DMH+0x0000000100244400'

Classes redefined (0 events):
No events

Internal exceptions (20 events):
Event: 4.186 Thread 0x000002b0fe2bd770 Exception <a 'java/lang/ClassNotFoundException'{0x00000000eabced60}: com/sun/org/apache/xerces/internal/impl/msg/spi/XMLSerializerMessagesProvider> (0x00000000eabced60) 
thrown [s\src\hotspot\share\classfile\systemDictionary.cpp, line 256]
Event: 4.187 Thread 0x000002b0fe2bd770 Exception <a 'java/lang/ClassNotFoundException'{0x00000000eabdbfe8}: com/sun/org/apache/xerces/internal/impl/msg/spi/XMLMessagesProvider> (0x00000000eabdbfe8) 
thrown [s\src\hotspot\share\classfile\systemDictionary.cpp, line 256]
Event: 4.301 Thread 0x000002b0fe2bd770 Exception <a 'java/lang/ClassNotFoundException'{0x00000000eb033ac0}: com/sun/org/apache/xml/internal/serializer/spi/XMLEntitiesProvider> (0x00000000eb033ac0) 
thrown [s\src\hotspot\share\classfile\systemDictionary.cpp, line 256]
Event: 4.383 Thread 0x000002b0fe2bd770 Exception <a 'java/io/FileNotFoundException'{0x00000000eb3dfb50}> (0x00000000eb3dfb50) 
thrown [s\src\hotspot\share\prims\jni.cpp, line 516]
Event: 4.393 Thread 0x000002b0fe2bd770 Exception <a 'java/lang/UnsatisfiedLinkError'{0x00000000eb4f65e8}: The specified procedure could not be found.
> (0x00000000eb4f65e8) 
thrown [s\src\hotspot\share\prims\jni.cpp, line 535]
Event: 4.395 Thread 0x000002b0fe2bd770 Exception <a 'java/io/FileNotFoundException'{0x00000000eb50e6d8}> (0x00000000eb50e6d8) 
thrown [s\src\hotspot\share\prims\jni.cpp, line 516]
Event: 4.399 Thread 0x000002b0fe2bd770 Exception <a 'java/io/FileNotFoundException'{0x00000000eb599ad8}> (0x00000000eb599ad8) 
thrown [s\src\hotspot\share\prims\jni.cpp, line 516]
Event: 4.401 Thread 0x000002b0fe2bd770 Exception <a 'java/lang/UnsatisfiedLinkError'{0x00000000eb5c9300}: The specified procedure could not be found.
> (0x00000000eb5c9300) 
thrown [s\src\hotspot\share\prims\jni.cpp, line 535]
Event: 4.475 Thread 0x000002b0f28db300 Exception <a 'java/lang/NoSuchMethodError'{0x00000000ebc59808}: 'java.lang.Object java.lang.invoke.DirectMethodHandle$Holder.invokeStatic(java.lang.Object, java.lang.Object, long, java.lang.Object)'> (0x00000000ebc59808) 
thrown [s\src\hotspot\share\interpreter\linkResolver.cpp, line 759]
Event: 4.476 Thread 0x000002b0f28db300 Exception <a 'java/lang/NoSuchMethodError'{0x00000000ebc5d508}: 'java.lang.Object java.lang.invoke.DirectMethodHandle$Holder.invokeStaticInit(java.lang.Object, java.lang.Object, long, java.lang.Object)'> (0x00000000ebc5d508) 
thrown [s\src\hotspot\share\interpreter\linkResolver.cpp, line 759]
Event: 4.476 Thread 0x000002b0f28db300 Exception <a 'java/lang/NoSuchMethodError'{0x00000000ebc63d80}: 'java.lang.Object java.lang.invoke.DirectMethodHandle$Holder.newInvokeSpecial(java.lang.Object, java.lang.Object, long)'> (0x00000000ebc63d80) 
thrown [s\src\hotspot\share\interpreter\linkResolver.cpp, line 759]
Event: 4.509 Thread 0x000002b0f28db300 Exception <a 'java/lang/NoSuchMethodError'{0x00000000ebf21ff8}: 'void java.lang.invoke.DirectMethodHandle$Holder.invokeStatic(java.lang.Object, java.lang.Object, java.lang.Object, java.lang.Object)'> (0x00000000ebf21ff8) 
thrown [s\src\hotspot\share\interpreter\linkResolver.cpp, line 759]
Event: 4.619 Thread 0x000002b0f28db300 Exception <a 'java/lang/NoSuchMethodError'{0x00000000eb4b4920}: 'void java.lang.invoke.DirectMethodHandle$Holder.invokeSpecial(java.lang.Object, java.lang.Object, java.lang.Object, java.lang.Object, java.lang.Object, java.lang.Object)'> (0x00000000eb4b4920) 
thrown [s\src\hotspot\share\interpreter\linkResolver.cpp, line 759]
Event: 4.620 Thread 0x000002b0f28db300 Exception <a 'java/lang/IncompatibleClassChangeError'{0x00000000eb4be418}: Found class java.lang.Object, but interface was expected> (0x00000000eb4be418) 
thrown [s\src\hotspot\share\interpreter\linkResolver.cpp, line 826]
Event: 4.768 Thread 0x000002b0fee41250 Exception <a 'java/io/FileNotFoundException'{0x00000000eb02d0d0}> (0x00000000eb02d0d0) 
thrown [s\src\hotspot\share\prims\jni.cpp, line 516]
Event: 4.809 Thread 0x000002b0fee41250 Exception <a 'java/lang/NoSuchMethodError'{0x00000000eb3c4510}: 'java.lang.Object java.lang.invoke.DirectMethodHandle$Holder.invokeSpecialIFC(java.lang.Object, java.lang.Object, java.lang.Object, java.lang.Object)'> (0x00000000eb3c4510) 
thrown [s\src\hotspot\share\interpreter\linkResolver.cpp, line 759]
Event: 4.820 Thread 0x000002b0fe332e50 Exception <a 'java/lang/NoSuchMethodError'{0x00000000eb4c6078}: 'int java.lang.invoke.DirectMethodHandle$Holder.invokeSpecial(java.lang.Object, java.lang.Object, java.lang.Object, java.lang.Object)'> (0x00000000eb4c6078) 
thrown [s\src\hotspot\share\interpreter\linkResolver.cpp, line 759]
Event: 4.821 Thread 0x000002b0fe332e50 Exception <a 'java/lang/NoSuchMethodError'{0x00000000eb4e8cb0}: 'java.lang.Object java.lang.invoke.DirectMethodHandle$Holder.invokeStatic(java.lang.Object, int, java.lang.Object, java.lang.Object)'> (0x00000000eb4e8cb0) 
thrown [s\src\hotspot\share\interpreter\linkResolver.cpp, line 759]
Event: 4.822 Thread 0x000002b0fe332e50 Exception <a 'java/lang/NoSuchMethodError'{0x00000000eb500d10}: 'java.lang.Object java.lang.invoke.DelegatingMethodHandle$Holder.delegate(java.lang.Object, int, java.lang.Object, java.lang.Object)'> (0x00000000eb500d10) 
thrown [s\src\hotspot\share\interpreter\linkResolver.cpp, line 759]
Event: 4.825 Thread 0x000002b0fe332e50 Exception <a 'java/lang/NoSuchMethodError'{0x00000000eb552bc8}: 'int java.lang.invoke.Invokers$Holder.linkToTargetMethod(java.lang.Object, java.lang.Object, java.lang.Object)'> (0x00000000eb552bc8) 
thrown [s\src\hotspot\share\interpreter\linkResolver.cpp, line 759]

VM Operations (20 events):
Event: 4.210 Executing VM operation: CollectForMetadataAllocation
Event: 4.236 Executing VM operation: CollectForMetadataAllocation done
Event: 4.245 Executing VM operation: HandshakeAllThreads
Event: 4.245 Executing VM operation: HandshakeAllThreads done
Event: 4.280 Executing VM operation: HandshakeAllThreads
Event: 4.280 Executing VM operation: HandshakeAllThreads done
Event: 4.300 Executing VM operation: HandshakeAllThreads
Event: 4.300 Executing VM operation: HandshakeAllThreads done
Event: 4.303 Executing VM operation: HandshakeAllThreads
Event: 4.303 Executing VM operation: HandshakeAllThreads done
Event: 4.332 Executing VM operation: HandshakeAllThreads
Event: 4.332 Executing VM operation: HandshakeAllThreads done
Event: 4.524 Executing VM operation: ParallelGCFailedAllocation
Event: 4.526 Executing VM operation: ParallelGCFailedAllocation done
Event: 4.593 Executing VM operation: HandshakeAllThreads
Event: 4.593 Executing VM operation: HandshakeAllThreads done
Event: 4.744 Executing VM operation: ParallelGCFailedAllocation
Event: 4.746 Executing VM operation: ParallelGCFailedAllocation done
Event: 4.789 Executing VM operation: HandshakeAllThreads
Event: 4.789 Executing VM operation: HandshakeAllThreads done

Events (20 events):
Event: 4.752 loading class java/time/Clock$SystemClock
Event: 4.752 loading class java/time/Clock$SystemClock done
Event: 4.758 loading class java/util/Collections$2
Event: 4.758 loading class java/util/Collections$2 done
Event: 4.759 loading class java/io/UncheckedIOException
Event: 4.760 loading class java/io/UncheckedIOException done
Event: 4.761 loading class java/nio/channels/spi/AbstractInterruptibleChannel$1
Event: 4.761 loading class sun/nio/ch/Interruptible
Event: 4.761 loading class sun/nio/ch/Interruptible done
Event: 4.761 loading class java/nio/channels/spi/AbstractInterruptibleChannel$1 done
Event: 4.818 loading class java/util/concurrent/atomic/AtomicReferenceFieldUpdater
Event: 4.819 loading class java/util/concurrent/atomic/AtomicReferenceFieldUpdater done
Event: 4.819 loading class java/util/concurrent/atomic/AtomicReferenceFieldUpdater$AtomicReferenceFieldUpdaterImpl
Event: 4.819 loading class java/util/concurrent/atomic/AtomicReferenceFieldUpdater$AtomicReferenceFieldUpdaterImpl done
Event: 4.819 loading class java/util/concurrent/atomic/AtomicReferenceFieldUpdater$AtomicReferenceFieldUpdaterImpl$1
Event: 4.819 loading class java/util/concurrent/atomic/AtomicReferenceFieldUpdater$AtomicReferenceFieldUpdaterImpl$1 done
Event: 4.822 loading class java/lang/invoke/MethodHandleImpl$CountingWrapper
Event: 4.822 loading class java/lang/invoke/MethodHandleImpl$CountingWrapper done
Event: 4.848 loading class java/io/FilterReader
Event: 4.848 loading class java/io/FilterReader done


Dynamic libraries:
0x00007ff6e7480000 - 0x00007ff6e748e000 	c:\Users\Admin\.vscode\extensions\redhat.java-1.33.0-win32-x64\jre\17.0.11-win32-x86_64\bin\java.exe
0x00007ff901ed0000 - 0x00007ff9020c5000 	C:\Windows\SYSTEM32\ntdll.dll
0x00007ff9015e0000 - 0x00007ff90169e000 	C:\Windows\System32\KERNEL32.DLL
0x00007ff8ff810000 - 0x00007ff8ffad8000 	C:\Windows\System32\KERNELBASE.dll
0x00007ff8ffae0000 - 0x00007ff8ffbe0000 	C:\Windows\System32\ucrtbase.dll
0x00007ff8e9790000 - 0x00007ff8e97ab000 	c:\Users\Admin\.vscode\extensions\redhat.java-1.33.0-win32-x64\jre\17.0.11-win32-x86_64\bin\VCRUNTIME140.dll
0x00007ff8eb6f0000 - 0x00007ff8eb707000 	c:\Users\Admin\.vscode\extensions\redhat.java-1.33.0-win32-x64\jre\17.0.11-win32-x86_64\bin\jli.dll
0x00007ff901a50000 - 0x00007ff901bf0000 	C:\Windows\System32\USER32.dll
0x00007ff8fead0000 - 0x00007ff8fed6a000 	C:\Windows\WinSxS\amd64_microsoft.windows.common-controls_6595b64144ccf1df_6.0.19041.1110_none_60b5254171f9507e\COMCTL32.dll
0x00007ff8ffd90000 - 0x00007ff8ffdb2000 	C:\Windows\System32\win32u.dll
0x00007ff901bf0000 - 0x00007ff901c8e000 	C:\Windows\System32\msvcrt.dll
0x00007ff901c90000 - 0x00007ff901cbb000 	C:\Windows\System32\GDI32.dll
0x00007ff8ff5e0000 - 0x00007ff8ff6ed000 	C:\Windows\System32\gdi32full.dll
0x00007ff8ff6f0000 - 0x00007ff8ff78d000 	C:\Windows\System32\msvcp_win.dll
0x00007ff901cd0000 - 0x00007ff901d00000 	C:\Windows\System32\IMM32.DLL
0x00007ff8fd6e0000 - 0x00007ff8fd6ec000 	c:\Users\Admin\.vscode\extensions\redhat.java-1.33.0-win32-x64\jre\17.0.11-win32-x86_64\bin\vcruntime140_1.dll
0x00007ff8c5650000 - 0x00007ff8c56dd000 	c:\Users\Admin\.vscode\extensions\redhat.java-1.33.0-win32-x64\jre\17.0.11-win32-x86_64\bin\msvcp140.dll
0x00007ff8b7360000 - 0x00007ff8b7fc2000 	c:\Users\Admin\.vscode\extensions\redhat.java-1.33.0-win32-x64\jre\17.0.11-win32-x86_64\bin\server\jvm.dll
0x00007ff9010a0000 - 0x00007ff90114e000 	C:\Windows\System32\ADVAPI32.dll
0x00007ff901de0000 - 0x00007ff901e7c000 	C:\Windows\System32\sechost.dll
0x00007ff9016d0000 - 0x00007ff9017f5000 	C:\Windows\System32\RPCRT4.dll
0x00007ff8ff1f0000 - 0x00007ff8ff23b000 	C:\Windows\SYSTEM32\POWRPROF.dll
0x00007ff8e3830000 - 0x00007ff8e3839000 	C:\Windows\SYSTEM32\WSOCK32.dll
0x00007ff901800000 - 0x00007ff90186b000 	C:\Windows\System32\WS2_32.dll
0x00007ff8ec240000 - 0x00007ff8ec267000 	C:\Windows\SYSTEM32\WINMM.dll
0x00007ff8fce60000 - 0x00007ff8fce6a000 	C:\Windows\SYSTEM32\VERSION.dll
0x00007ff8fed90000 - 0x00007ff8feda2000 	C:\Windows\SYSTEM32\UMPDC.dll
0x00007ff8fd030000 - 0x00007ff8fd042000 	C:\Windows\SYSTEM32\kernel.appcore.dll
0x00007ff8f7030000 - 0x00007ff8f703a000 	c:\Users\Admin\.vscode\extensions\redhat.java-1.33.0-win32-x64\jre\17.0.11-win32-x86_64\bin\jimage.dll
0x00007ff8fef80000 - 0x00007ff8ff164000 	C:\Windows\SYSTEM32\DBGHELP.DLL
0x00007ff8fef50000 - 0x00007ff8fef7c000 	C:\Windows\SYSTEM32\dbgcore.DLL
0x00007ff8ffd00000 - 0x00007ff8ffd82000 	C:\Windows\System32\bcryptPrimitives.dll
0x00007ff8f6f10000 - 0x00007ff8f6f1e000 	c:\Users\Admin\.vscode\extensions\redhat.java-1.33.0-win32-x64\jre\17.0.11-win32-x86_64\bin\instrument.dll
0x00007ff8e3890000 - 0x00007ff8e38b5000 	c:\Users\Admin\.vscode\extensions\redhat.java-1.33.0-win32-x64\jre\17.0.11-win32-x86_64\bin\java.dll
0x00007ff8e8e10000 - 0x00007ff8e8e28000 	c:\Users\Admin\.vscode\extensions\redhat.java-1.33.0-win32-x64\jre\17.0.11-win32-x86_64\bin\zip.dll
0x00007ff900400000 - 0x00007ff900b44000 	C:\Windows\System32\SHELL32.dll
0x00007ff8fc6c0000 - 0x00007ff8fce54000 	C:\Windows\SYSTEM32\windows.storage.dll
0x00007ff901280000 - 0x00007ff9015d5000 	C:\Windows\System32\combase.dll
0x00007ff8fe860000 - 0x00007ff8fe88e000 	C:\Windows\SYSTEM32\Wldp.dll
0x00007ff9019a0000 - 0x00007ff901a4d000 	C:\Windows\System32\SHCORE.dll
0x00007ff900e90000 - 0x00007ff900ee5000 	C:\Windows\System32\shlwapi.dll
0x00007ff8ff520000 - 0x00007ff8ff53f000 	C:\Windows\SYSTEM32\profapi.dll
0x00007ff8db920000 - 0x00007ff8db939000 	C:\Users\Admin\.vscode\extensions\redhat.java-1.33.0-win32-x64\jre\17.0.11-win32-x86_64\bin\net.dll
0x00007ff8f68e0000 - 0x00007ff8f69ec000 	C:\Windows\SYSTEM32\WINHTTP.dll
0x00007ff8fe640000 - 0x00007ff8fe6aa000 	C:\Windows\system32\mswsock.dll
0x00007ff8da500000 - 0x00007ff8da516000 	C:\Users\Admin\.vscode\extensions\redhat.java-1.33.0-win32-x64\jre\17.0.11-win32-x86_64\bin\nio.dll
0x00007ff8f5de0000 - 0x00007ff8f5df0000 	c:\Users\Admin\.vscode\extensions\redhat.java-1.33.0-win32-x64\jre\17.0.11-win32-x86_64\bin\verify.dll
0x00007ff8c0340000 - 0x00007ff8c0385000 	C:\Users\Admin\AppData\Roaming\Code\User\globalStorage\redhat.java\1.33.0\config_win\org.eclipse.equinox.launcher\org.eclipse.equinox.launcher.win32.win32.x86_64_1.2.1100.v20240722-2106\eclipse_11904.dll
0x00007ff901150000 - 0x00007ff90127a000 	C:\Windows\System32\ole32.dll
0x00007ff8ff360000 - 0x00007ff8ff378000 	C:\Windows\SYSTEM32\CRYPTSP.dll
0x00007ff8fe000000 - 0x00007ff8fe034000 	C:\Windows\system32\rsaenh.dll
0x00007ff8ff790000 - 0x00007ff8ff7b7000 	C:\Windows\System32\bcrypt.dll
0x00007ff8ff4a0000 - 0x00007ff8ff4ce000 	C:\Windows\SYSTEM32\USERENV.dll
0x00007ff8fe7d0000 - 0x00007ff8fe7dc000 	C:\Windows\SYSTEM32\CRYPTBASE.dll
0x00007ff8fe350000 - 0x00007ff8fe38b000 	C:\Windows\SYSTEM32\IPHLPAPI.DLL
0x00007ff901e80000 - 0x00007ff901e88000 	C:\Windows\System32\NSI.dll
0x00007ff8f3890000 - 0x00007ff8f38a7000 	C:\Windows\SYSTEM32\dhcpcsvc6.DLL
0x00007ff8f3870000 - 0x00007ff8f388d000 	C:\Windows\SYSTEM32\dhcpcsvc.DLL
0x00007ff8fe390000 - 0x00007ff8fe45b000 	C:\Windows\SYSTEM32\DNSAPI.dll
0x00007ff8c0670000 - 0x00007ff8c06b5000 	C:\Users\Admin\AppData\Local\Temp\jna-63116079\jna2089478239977118677.dll
0x00007ff901cc0000 - 0x00007ff901cc8000 	C:\Windows\System32\PSAPI.DLL

dbghelp: loaded successfully - version: 4.0.5 - missing functions: none
symbol engine: initialized successfully - sym options: 0x614 - pdb path: .;c:\Users\Admin\.vscode\extensions\redhat.java-1.33.0-win32-x64\jre\17.0.11-win32-x86_64\bin;C:\Windows\SYSTEM32;C:\Windows\WinSxS\amd64_microsoft.windows.common-controls_6595b64144ccf1df_6.0.19041.1110_none_60b5254171f9507e;c:\Users\Admin\.vscode\extensions\redhat.java-1.33.0-win32-x64\jre\17.0.11-win32-x86_64\bin\server;C:\Users\Admin\AppData\Roaming\Code\User\globalStorage\redhat.java\1.33.0\config_win\org.eclipse.equinox.launcher\org.eclipse.equinox.launcher.win32.win32.x86_64_1.2.1100.v20240722-2106;C:\Users\Admin\AppData\Local\Temp\jna-63116079

VM Arguments:
jvm_args: --add-modules=ALL-SYSTEM --add-opens=java.base/java.util=ALL-UNNAMED --add-opens=java.base/java.lang=ALL-UNNAMED --add-opens=java.base/sun.nio.fs=ALL-UNNAMED -Declipse.application=org.eclipse.jdt.ls.core.id1 -Dosgi.bundles.defaultStartLevel=4 -Declipse.product=org.eclipse.jdt.ls.core.product -Djava.import.generatesMetadataFilesAtProjectRoot=false -DDetectVMInstallationsJob.disabled=true -Dfile.encoding=utf8 -XX:+UseParallelGC -XX:GCTimeRatio=4 -XX:AdaptiveSizePolicyWeight=90 -Dsun.zip.disableMemoryMapping=true -Xmx1G -Xms100m -Xlog:disable -javaagent:c:\Users\Admin\.vscode\extensions\redhat.java-1.33.0-win32-x64\lombok\lombok-1.18.33.jar -XX:+HeapDumpOnOutOfMemoryError -XX:HeapDumpPath=c:\Users\Admin\AppData\Roaming\Code\User\workspaceStorage\f2719fb7150c7bed1f5cc95cfc80bd70\redhat.java -Daether.dependencyCollector.impl=bf 
java_command: c:\Users\Admin\.vscode\extensions\redhat.java-1.33.0-win32-x64\server\plugins\org.eclipse.equinox.launcher_1.6.900.v20240613-2009.jar -configuration c:\Users\Admin\AppData\Roaming\Code\User\globalStorage\redhat.java\1.33.0\config_win -data c:\Users\Admin\AppData\Roaming\Code\User\workspaceStorage\f2719fb7150c7bed1f5cc95cfc80bd70\redhat.java\jdt_ws --pipe=\\.\pipe\lsp-54a196cfe2b486f492cb75a7765f3205-sock
java_class_path (initial): c:\Users\Admin\.vscode\extensions\redhat.java-1.33.0-win32-x64\server\plugins\org.eclipse.equinox.launcher_1.6.900.v20240613-2009.jar
Launcher Type: SUN_STANDARD

[Global flags]
    uintx AdaptiveSizePolicyWeight                 = 90                                        {product} {command line}
     intx CICompilerCount                          = 4                                         {product} {ergonomic}
    uintx GCTimeRatio                              = 4                                         {product} {command line}
     bool HeapDumpOnOutOfMemoryError               = true                                   {manageable} {command line}
    ccstr HeapDumpPath                             = c:\Users\Admin\AppData\Roaming\Code\User\workspaceStorage\f2719fb7150c7bed1f5cc95cfc80bd70\redhat.java         {manageable} {command line}
   size_t InitialHeapSize                          = 104857600                                 {product} {command line}
   size_t MaxHeapSize                              = 1073741824                                {product} {command line}
   size_t MaxNewSize                               = 357564416                                 {product} {ergonomic}
   size_t MinHeapDeltaBytes                        = 524288                                    {product} {ergonomic}
   size_t MinHeapSize                              = 104857600                                 {product} {command line}
   size_t NewSize                                  = 34603008                                  {product} {ergonomic}
    uintx NonNMethodCodeHeapSize                   = 5839372                                {pd product} {ergonomic}
    uintx NonProfiledCodeHeapSize                  = 122909434                              {pd product} {ergonomic}
   size_t OldSize                                  = 70254592                                  {product} {ergonomic}
    uintx ProfiledCodeHeapSize                     = 122909434                              {pd product} {ergonomic}
    uintx ReservedCodeCacheSize                    = 251658240                              {pd product} {ergonomic}
     bool SegmentedCodeCache                       = true                                      {product} {ergonomic}
   size_t SoftMaxHeapSize                          = 1073741824                             {manageable} {ergonomic}
     bool UseCompressedClassPointers               = true                           {product lp64_product} {ergonomic}
     bool UseCompressedOops                        = true                           {product lp64_product} {ergonomic}
     bool UseLargePagesIndividualAllocation        = false                                  {pd product} {ergonomic}
     bool UseParallelGC                            = true                                      {product} {command line}

Logging:
Log output configuration:
 #0: stdout all=off uptime,level,tags
 #1: stderr all=off uptime,level,tags

Environment Variables:
JAVA_HOME=C:\Program Files\Java\jdk-17
PATH=C:\Program Files\Common Files\Oracle\Java\javapath;C:\Windows\system32;C:\Windows;C:\Windows\System32\Wbem;C:\Windows\System32\WindowsPowerShell\v1.0\;C:\Windows\System32\OpenSSH\;C:\Program Files\Git\cmd;C:\Program Files\MySQL\MySQL Server 8.0\bin;;C:\Program Files\Docker\Docker\resources\bin;C:\Program Files\dotnet\;C:\Users\Admin\AppData\Local\Microsoft\WindowsApps;C:\Users\Admin\AppData\Local\Programs\Microsoft VS Code\bin;D:\MYSQL\bin;
USERNAME=Admin
OS=Windows_NT
PROCESSOR_IDENTIFIER=Intel64 Family 6 Model 165 Stepping 2, GenuineIntel
TMP=C:\Users\Admin\AppData\Local\Temp
TEMP=C:\Users\Admin\AppData\Local\Temp



Periodic native trim disabled


---------------  S Y S T E M  ---------------

OS:
 Windows 10 , 64 bit Build 19041 (10.0.19041.1503)
OS uptime: 2 days 4:47 hours
Hyper-V role detected

CPU: total 8 (initial active 8) (4 cores per cpu, 2 threads per core) family 6 model 165 stepping 2 microcode 0xc8, cx8, cmov, fxsr, ht, mmx, 3dnowpref, sse, sse2, sse3, ssse3, sse4.1, sse4.2, popcnt, lzcnt, tsc, tscinvbit, avx, avx2, aes, erms, clmul, bmi1, bmi2, adx, fma, vzeroupper, clflush, clflushopt, hv
Processor Information for all 8 processors :
  Max Mhz: 2496, Current Mhz: 2496, Mhz Limit: 2496

Memory: 4k page, system-wide physical 7979M (322M free)
TotalPageFile size 13099M (AvailPageFile size 7M)
current process WorkingSet (physical memory assigned to process): 193M, peak: 193M
current process commit charge ("private bytes"): 289M, peak: 290M

vm_info: OpenJDK 64-Bit Server VM (17.0.11+9) for windows-amd64 JRE (17.0.11+9), built on Apr 17 2024 06:07:48 by "admin" with MS VC++ 16.10 / 16.11 (VS2019)

END.
